This is pdfTeX, Version 3.1415926-2.5-1.40.14 (TeX Live 2013) (format=pdflatex 2018.12.4)  14 FEB 2019 09:26
entering extended mode
 restricted \write18 enabled.
 %&-line parsing enabled.
**Bath_mahe_001.tex
(./Bath_mahe_001.tex
LaTeX2e <2011/06/27>
Babel <v3.8m> and hyphenation patterns for english, dumylang, nohyphenation, uk
rainian, russian, bulgarian, loaded.
(/usr/share/texlive/texmf-dist/tex/latex/base/report.cls
Document Class: report 2007/10/19 v1.4h Standard LaTeX document class
(/usr/share/texlive/texmf-dist/tex/latex/base/size11.clo
File: size11.clo 2007/10/19 v1.4h Standard LaTeX file (size option)
)
\c@part=\count79
\c@chapter=\count80
\c@section=\count81
\c@subsection=\count82
\c@subsubsection=\count83
\c@paragraph=\count84
\c@subparagraph=\count85
\c@figure=\count86
\c@table=\count87
\abovecaptionskip=\skip41
\belowcaptionskip=\skip42
\bibindent=\dimen102
)
(/usr/share/texlive/texmf-dist/tex/latex/geometry/geometry.sty
Package: geometry 2010/09/12 v5.6 Page Geometry

(/usr/share/texlive/texmf-dist/tex/latex/graphics/keyval.sty
Package: keyval 1999/03/16 v1.13 key=value parser (DPC)
\KV@toks@=\toks14
)
(/usr/share/texlive/texmf-dist/tex/generic/oberdiek/ifpdf.sty
Package: ifpdf 2011/01/30 v2.3 Provides the ifpdf switch (HO)
Package ifpdf Info: pdfTeX in PDF mode is detected.
)
(/usr/share/texlive/texmf-dist/tex/generic/oberdiek/ifvtex.sty
Package: ifvtex 2010/03/01 v1.5 Detect VTeX and its facilities (HO)
Package ifvtex Info: VTeX not detected.
)
(/usr/share/texlive/texmf-dist/tex/generic/ifxetex/ifxetex.sty
Package: ifxetex 2010/09/12 v0.6 Provides ifxetex conditional
)
\Gm@cnth=\count88
\Gm@cntv=\count89
\c@Gm@tempcnt=\count90
\Gm@bindingoffset=\dimen103
\Gm@wd@mp=\dimen104
\Gm@odd@mp=\dimen105
\Gm@even@mp=\dimen106
\Gm@layoutwidth=\dimen107
\Gm@layoutheight=\dimen108
\Gm@layouthoffset=\dimen109
\Gm@layoutvoffset=\dimen110
\Gm@dimlist=\toks15
)
(/usr/share/texlive/texmf-dist/tex/generic/babel/babel.sty
Package: babel 2008/07/08 v3.8m The Babel package

(/usr/share/texlive/texmf-dist/tex/generic/babel/ngermanb.ldf
Language: ngermanb 2008/07/06 v2.6n new German support from the babel system

(/usr/share/texlive/texmf-dist/tex/generic/babel/babel.def
File: babel.def 2008/07/08 v3.8m Babel common definitions
\babel@savecnt=\count91
\U@D=\dimen111
)

Package babel Warning: No hyphenation patterns were loaded for
(babel)                the language `ngerman'
(babel)                I will use the patterns loaded for \language=0 instead.

\l@ngerman = a dialect from \language0
\l@naustrian = a dialect from \language\l@ngerman 
Package babel Info: Making " an active character on input line 92.
)) (/usr/share/texlive/texmf-dist/tex/latex/base/inputenc.sty
Package: inputenc 2008/03/30 v1.1d Input encoding file
\inpenc@prehook=\toks16
\inpenc@posthook=\toks17

(/usr/share/texlive/texmf-dist/tex/latex/base/utf8.def
File: utf8.def 2008/04/05 v1.1m UTF-8 support for inputenc
Now handling font encoding OML ...
... no UTF-8 mapping file for font encoding OML
Now handling font encoding T1 ...
... processing UTF-8 mapping file for font encoding T1

(/usr/share/texlive/texmf-dist/tex/latex/base/t1enc.dfu
File: t1enc.dfu 2008/04/05 v1.1m UTF-8 support for inputenc
   defining Unicode char U+00A1 (decimal 161)
   defining Unicode char U+00A3 (decimal 163)
   defining Unicode char U+00AB (decimal 171)
   defining Unicode char U+00BB (decimal 187)
   defining Unicode char U+00BF (decimal 191)
   defining Unicode char U+00C0 (decimal 192)
   defining Unicode char U+00C1 (decimal 193)
   defining Unicode char U+00C2 (decimal 194)
   defining Unicode char U+00C3 (decimal 195)
   defining Unicode char U+00C4 (decimal 196)
   defining Unicode char U+00C5 (decimal 197)
   defining Unicode char U+00C6 (decimal 198)
   defining Unicode char U+00C7 (decimal 199)
   defining Unicode char U+00C8 (decimal 200)
   defining Unicode char U+00C9 (decimal 201)
   defining Unicode char U+00CA (decimal 202)
   defining Unicode char U+00CB (decimal 203)
   defining Unicode char U+00CC (decimal 204)
   defining Unicode char U+00CD (decimal 205)
   defining Unicode char U+00CE (decimal 206)
   defining Unicode char U+00CF (decimal 207)
   defining Unicode char U+00D0 (decimal 208)
   defining Unicode char U+00D1 (decimal 209)
   defining Unicode char U+00D2 (decimal 210)
   defining Unicode char U+00D3 (decimal 211)
   defining Unicode char U+00D4 (decimal 212)
   defining Unicode char U+00D5 (decimal 213)
   defining Unicode char U+00D6 (decimal 214)
   defining Unicode char U+00D8 (decimal 216)
   defining Unicode char U+00D9 (decimal 217)
   defining Unicode char U+00DA (decimal 218)
   defining Unicode char U+00DB (decimal 219)
   defining Unicode char U+00DC (decimal 220)
   defining Unicode char U+00DD (decimal 221)
   defining Unicode char U+00DE (decimal 222)
   defining Unicode char U+00DF (decimal 223)
   defining Unicode char U+00E0 (decimal 224)
   defining Unicode char U+00E1 (decimal 225)
   defining Unicode char U+00E2 (decimal 226)
   defining Unicode char U+00E3 (decimal 227)
   defining Unicode char U+00E4 (decimal 228)
   defining Unicode char U+00E5 (decimal 229)
   defining Unicode char U+00E6 (decimal 230)
   defining Unicode char U+00E7 (decimal 231)
   defining Unicode char U+00E8 (decimal 232)
   defining Unicode char U+00E9 (decimal 233)
   defining Unicode char U+00EA (decimal 234)
   defining Unicode char U+00EB (decimal 235)
   defining Unicode char U+00EC (decimal 236)
   defining Unicode char U+00ED (decimal 237)
   defining Unicode char U+00EE (decimal 238)
   defining Unicode char U+00EF (decimal 239)
   defining Unicode char U+00F0 (decimal 240)
   defining Unicode char U+00F1 (decimal 241)
   defining Unicode char U+00F2 (decimal 242)
   defining Unicode char U+00F3 (decimal 243)
   defining Unicode char U+00F4 (decimal 244)
   defining Unicode char U+00F5 (decimal 245)
   defining Unicode char U+00F6 (decimal 246)
   defining Unicode char U+00F8 (decimal 248)
   defining Unicode char U+00F9 (decimal 249)
   defining Unicode char U+00FA (decimal 250)
   defining Unicode char U+00FB (decimal 251)
   defining Unicode char U+00FC (decimal 252)
   defining Unicode char U+00FD (decimal 253)
   defining Unicode char U+00FE (decimal 254)
   defining Unicode char U+00FF (decimal 255)
   defining Unicode char U+0102 (decimal 258)
   defining Unicode char U+0103 (decimal 259)
   defining Unicode char U+0104 (decimal 260)
   defining Unicode char U+0105 (decimal 261)
   defining Unicode char U+0106 (decimal 262)
   defining Unicode char U+0107 (decimal 263)
   defining Unicode char U+010C (decimal 268)
   defining Unicode char U+010D (decimal 269)
   defining Unicode char U+010E (decimal 270)
   defining Unicode char U+010F (decimal 271)
   defining Unicode char U+0110 (decimal 272)
   defining Unicode char U+0111 (decimal 273)
   defining Unicode char U+0118 (decimal 280)
   defining Unicode char U+0119 (decimal 281)
   defining Unicode char U+011A (decimal 282)
   defining Unicode char U+011B (decimal 283)
   defining Unicode char U+011E (decimal 286)
   defining Unicode char U+011F (decimal 287)
   defining Unicode char U+0130 (decimal 304)
   defining Unicode char U+0131 (decimal 305)
   defining Unicode char U+0132 (decimal 306)
   defining Unicode char U+0133 (decimal 307)
   defining Unicode char U+0139 (decimal 313)
   defining Unicode char U+013A (decimal 314)
   defining Unicode char U+013D (decimal 317)
   defining Unicode char U+013E (decimal 318)
   defining Unicode char U+0141 (decimal 321)
   defining Unicode char U+0142 (decimal 322)
   defining Unicode char U+0143 (decimal 323)
   defining Unicode char U+0144 (decimal 324)
   defining Unicode char U+0147 (decimal 327)
   defining Unicode char U+0148 (decimal 328)
   defining Unicode char U+014A (decimal 330)
   defining Unicode char U+014B (decimal 331)
   defining Unicode char U+0150 (decimal 336)
   defining Unicode char U+0151 (decimal 337)
   defining Unicode char U+0152 (decimal 338)
   defining Unicode char U+0153 (decimal 339)
   defining Unicode char U+0154 (decimal 340)
   defining Unicode char U+0155 (decimal 341)
   defining Unicode char U+0158 (decimal 344)
   defining Unicode char U+0159 (decimal 345)
   defining Unicode char U+015A (decimal 346)
   defining Unicode char U+015B (decimal 347)
   defining Unicode char U+015E (decimal 350)
   defining Unicode char U+015F (decimal 351)
   defining Unicode char U+0160 (decimal 352)
   defining Unicode char U+0161 (decimal 353)
   defining Unicode char U+0162 (decimal 354)
   defining Unicode char U+0163 (decimal 355)
   defining Unicode char U+0164 (decimal 356)
   defining Unicode char U+0165 (decimal 357)
   defining Unicode char U+016E (decimal 366)
   defining Unicode char U+016F (decimal 367)
   defining Unicode char U+0170 (decimal 368)
   defining Unicode char U+0171 (decimal 369)
   defining Unicode char U+0178 (decimal 376)
   defining Unicode char U+0179 (decimal 377)
   defining Unicode char U+017A (decimal 378)
   defining Unicode char U+017B (decimal 379)
   defining Unicode char U+017C (decimal 380)
   defining Unicode char U+017D (decimal 381)
   defining Unicode char U+017E (decimal 382)
   defining Unicode char U+200C (decimal 8204)
   defining Unicode char U+2013 (decimal 8211)
   defining Unicode char U+2014 (decimal 8212)
   defining Unicode char U+2018 (decimal 8216)
   defining Unicode char U+2019 (decimal 8217)
   defining Unicode char U+201A (decimal 8218)
   defining Unicode char U+201C (decimal 8220)
   defining Unicode char U+201D (decimal 8221)
   defining Unicode char U+201E (decimal 8222)
   defining Unicode char U+2030 (decimal 8240)
   defining Unicode char U+2031 (decimal 8241)
   defining Unicode char U+2039 (decimal 8249)
   defining Unicode char U+203A (decimal 8250)
   defining Unicode char U+2423 (decimal 9251)
)
Now handling font encoding OT1 ...
... processing UTF-8 mapping file for font encoding OT1

(/usr/share/texlive/texmf-dist/tex/latex/base/ot1enc.dfu
File: ot1enc.dfu 2008/04/05 v1.1m UTF-8 support for inputenc
   defining Unicode char U+00A1 (decimal 161)
   defining Unicode char U+00A3 (decimal 163)
   defining Unicode char U+00B8 (decimal 184)
   defining Unicode char U+00BF (decimal 191)
   defining Unicode char U+00C5 (decimal 197)
   defining Unicode char U+00C6 (decimal 198)
   defining Unicode char U+00D8 (decimal 216)
   defining Unicode char U+00DF (decimal 223)
   defining Unicode char U+00E6 (decimal 230)
   defining Unicode char U+00EC (decimal 236)
   defining Unicode char U+00ED (decimal 237)
   defining Unicode char U+00EE (decimal 238)
   defining Unicode char U+00EF (decimal 239)
   defining Unicode char U+00F8 (decimal 248)
   defining Unicode char U+0131 (decimal 305)
   defining Unicode char U+0141 (decimal 321)
   defining Unicode char U+0142 (decimal 322)
   defining Unicode char U+0152 (decimal 338)
   defining Unicode char U+0153 (decimal 339)
   defining Unicode char U+2013 (decimal 8211)
   defining Unicode char U+2014 (decimal 8212)
   defining Unicode char U+2018 (decimal 8216)
   defining Unicode char U+2019 (decimal 8217)
   defining Unicode char U+201C (decimal 8220)
   defining Unicode char U+201D (decimal 8221)
)
Now handling font encoding OMS ...
... processing UTF-8 mapping file for font encoding OMS

(/usr/share/texlive/texmf-dist/tex/latex/base/omsenc.dfu
File: omsenc.dfu 2008/04/05 v1.1m UTF-8 support for inputenc
   defining Unicode char U+00A7 (decimal 167)
   defining Unicode char U+00B6 (decimal 182)
   defining Unicode char U+00B7 (decimal 183)
   defining Unicode char U+2020 (decimal 8224)
   defining Unicode char U+2021 (decimal 8225)
   defining Unicode char U+2022 (decimal 8226)
)
Now handling font encoding OMX ...
... no UTF-8 mapping file for font encoding OMX
Now handling font encoding U ...
... no UTF-8 mapping file for font encoding U
   defining Unicode char U+00A9 (decimal 169)
   defining Unicode char U+00AA (decimal 170)
   defining Unicode char U+00AE (decimal 174)
   defining Unicode char U+00BA (decimal 186)
   defining Unicode char U+02C6 (decimal 710)
   defining Unicode char U+02DC (decimal 732)
   defining Unicode char U+200C (decimal 8204)
   defining Unicode char U+2026 (decimal 8230)
   defining Unicode char U+2122 (decimal 8482)
   defining Unicode char U+2423 (decimal 9251)
))
(/usr/share/texlive/texmf-dist/tex/latex/graphics/graphicx.sty
Package: graphicx 1999/02/16 v1.0f Enhanced LaTeX Graphics (DPC,SPQR)

(/usr/share/texlive/texmf-dist/tex/latex/graphics/graphics.sty
Package: graphics 2009/02/05 v1.0o Standard LaTeX Graphics (DPC,SPQR)

(/usr/share/texlive/texmf-dist/tex/latex/graphics/trig.sty
Package: trig 1999/03/16 v1.09 sin cos tan (DPC)
)
(/usr/share/texlive/texmf-dist/tex/latex/latexconfig/graphics.cfg
File: graphics.cfg 2010/04/23 v1.9 graphics configuration of TeX Live
)
Package graphics Info: Driver file: pdftex.def on input line 91.

(/usr/share/texlive/texmf-dist/tex/latex/pdftex-def/pdftex.def
File: pdftex.def 2011/05/27 v0.06d Graphics/color for pdfTeX

(/usr/share/texlive/texmf-dist/tex/generic/oberdiek/infwarerr.sty
Package: infwarerr 2010/04/08 v1.3 Providing info/warning/error messages (HO)
)
(/usr/share/texlive/texmf-dist/tex/generic/oberdiek/ltxcmds.sty
Package: ltxcmds 2011/11/09 v1.22 LaTeX kernel commands for general use (HO)
)
\Gread@gobject=\count92
))
\Gin@req@height=\dimen112
\Gin@req@width=\dimen113
)
(/usr/share/texlive/texmf-dist/tex/latex/tools/multicol.sty
Package: multicol 2011/06/27 v1.7a multicolumn formatting (FMi)
\c@tracingmulticols=\count93
\mult@box=\box26
\multicol@leftmargin=\dimen114
\c@unbalance=\count94
\c@collectmore=\count95
\doublecol@number=\count96
\multicoltolerance=\count97
\multicolpretolerance=\count98
\full@width=\dimen115
\page@free=\dimen116
\premulticols=\dimen117
\postmulticols=\dimen118
\multicolsep=\skip43
\multicolbaselineskip=\skip44
\partial@page=\box27
\last@line=\box28
\mult@rightbox=\box29
\mult@grightbox=\box30
\mult@gfirstbox=\box31
\mult@firstbox=\box32
\@tempa=\box33
\@tempa=\box34
\@tempa=\box35
\@tempa=\box36
\@tempa=\box37
\@tempa=\box38
\@tempa=\box39
\@tempa=\box40
\@tempa=\box41
\@tempa=\box42
\@tempa=\box43
\@tempa=\box44
\@tempa=\box45
\@tempa=\box46
\@tempa=\box47
\@tempa=\box48
\@tempa=\box49
\c@columnbadness=\count99
\c@finalcolumnbadness=\count100
\last@try=\dimen119
\multicolovershoot=\dimen120
\multicolundershoot=\dimen121
\mult@nat@firstbox=\box50
\colbreak@box=\box51
\multicol@sort@counter=\count101
)
(/usr/share/texlive/texmf-dist/tex/latex/caption/caption.sty
Package: caption 2013/02/03 v3.3-65 Customizing captions (AR)

(/usr/share/texlive/texmf-dist/tex/latex/caption/caption3.sty
Package: caption3 2013/02/03 v1.5-62 caption3 kernel (AR)
\captionmargin=\dimen122
\captionmargin@=\dimen123
\captionwidth=\dimen124
\caption@tempdima=\dimen125
\caption@indent=\dimen126
\caption@parindent=\dimen127
\caption@hangindent=\dimen128
)
\c@ContinuedFloat=\count102
)
(/usr/share/texlive/texmf-dist/tex/latex/caption/subcaption.sty
Package: subcaption 2013/02/03 v1.1-62 Sub-captions (AR)
\c@subfigure=\count103
\c@subtable=\count104
)
(/usr/share/texlive/texmf-dist/tex/latex/base/fixltx2e.sty
Package: fixltx2e 2006/09/13 v1.1m fixes to LaTeX
LaTeX Info: Redefining \em on input line 420.
)
(/usr/share/texlive/texmf-dist/tex/latex/lastpage/lastpage.sty
Package: lastpage 2013/01/28 v1.2l Refers to last page's name (HMM; JPG)
)
(/usr/share/texlive/texmf-dist/tex/latex/oberdiek/epstopdf.sty
Package: epstopdf 2010/02/09 v2.5 Conversion with epstopdf on the fly (HO)

(/usr/share/texlive/texmf-dist/tex/latex/oberdiek/epstopdf-base.sty
Package: epstopdf-base 2010/02/09 v2.5 Base part for package epstopdf

(/usr/share/texlive/texmf-dist/tex/latex/oberdiek/grfext.sty
Package: grfext 2010/08/19 v1.1 Manage graphics extensions (HO)

(/usr/share/texlive/texmf-dist/tex/generic/oberdiek/kvdefinekeys.sty
Package: kvdefinekeys 2011/04/07 v1.3 Define keys (HO)
))
(/usr/share/texlive/texmf-dist/tex/latex/oberdiek/kvoptions.sty
Package: kvoptions 2011/06/30 v3.11 Key value format for package options (HO)

(/usr/share/texlive/texmf-dist/tex/generic/oberdiek/kvsetkeys.sty
Package: kvsetkeys 2012/04/25 v1.16 Key value parser (HO)

(/usr/share/texlive/texmf-dist/tex/generic/oberdiek/etexcmds.sty
Package: etexcmds 2011/02/16 v1.5 Avoid name clashes with e-TeX commands (HO)

(/usr/share/texlive/texmf-dist/tex/generic/oberdiek/ifluatex.sty
Package: ifluatex 2010/03/01 v1.3 Provides the ifluatex switch (HO)
Package ifluatex Info: LuaTeX not detected.
)
Package etexcmds Info: Could not find \expanded.
(etexcmds)             That can mean that you are not using pdfTeX 1.50 or
(etexcmds)             that some package has redefined \expanded.
(etexcmds)             In the latter case, load this package earlier.
)))
(/usr/share/texlive/texmf-dist/tex/generic/oberdiek/pdftexcmds.sty
Package: pdftexcmds 2011/11/29 v0.20 Utility functions of pdfTeX for LuaTeX (HO
)
Package pdftexcmds Info: LuaTeX not detected.
Package pdftexcmds Info: \pdf@primitive is available.
Package pdftexcmds Info: \pdf@ifprimitive is available.
Package pdftexcmds Info: \pdfdraftmode found.
)
Package grfext Info: Graphics extension search list:
(grfext)             [.png,.pdf,.jpg,.mps,.jpeg,.jbig2,.jb2,.PNG,.PDF,.JPG,.JPE
G,.JBIG2,.JB2,.eps]
(grfext)             \AppendGraphicsExtensions on input line 452.

(/usr/share/texlive/texmf-dist/tex/latex/latexconfig/epstopdf-sys.cfg
File: epstopdf-sys.cfg 2010/07/13 v1.3 Configuration of (r)epstopdf for TeX Liv
e
)))
(/usr/share/texlive/texmf-dist/tex/latex/fancyhdr/fancyhdr.sty
\fancy@headwidth=\skip45
\f@ncyO@elh=\skip46
\f@ncyO@erh=\skip47
\f@ncyO@olh=\skip48
\f@ncyO@orh=\skip49
\f@ncyO@elf=\skip50
\f@ncyO@erf=\skip51
\f@ncyO@olf=\skip52
\f@ncyO@orf=\skip53
)
(/usr/share/texlive/texmf-dist/tex/latex/amsmath/amsmath.sty
Package: amsmath 2013/01/14 v2.14 AMS math features
\@mathmargin=\skip54

For additional information on amsmath, use the `?' option.
(/usr/share/texlive/texmf-dist/tex/latex/amsmath/amstext.sty
Package: amstext 2000/06/29 v2.01

(/usr/share/texlive/texmf-dist/tex/latex/amsmath/amsgen.sty
File: amsgen.sty 1999/11/30 v2.0
\@emptytoks=\toks18
\ex@=\dimen129
))
(/usr/share/texlive/texmf-dist/tex/latex/amsmath/amsbsy.sty
Package: amsbsy 1999/11/29 v1.2d
\pmbraise@=\dimen130
)
(/usr/share/texlive/texmf-dist/tex/latex/amsmath/amsopn.sty
Package: amsopn 1999/12/14 v2.01 operator names
)
\inf@bad=\count105
LaTeX Info: Redefining \frac on input line 210.
\uproot@=\count106
\leftroot@=\count107
LaTeX Info: Redefining \overline on input line 306.
\classnum@=\count108
\DOTSCASE@=\count109
LaTeX Info: Redefining \ldots on input line 378.
LaTeX Info: Redefining \dots on input line 381.
LaTeX Info: Redefining \cdots on input line 466.
\Mathstrutbox@=\box52
\strutbox@=\box53
\big@size=\dimen131
LaTeX Font Info:    Redeclaring font encoding OML on input line 566.
LaTeX Font Info:    Redeclaring font encoding OMS on input line 567.
\macc@depth=\count110
\c@MaxMatrixCols=\count111
\dotsspace@=\muskip10
\c@parentequation=\count112
\dspbrk@lvl=\count113
\tag@help=\toks19
\row@=\count114
\column@=\count115
\maxfields@=\count116
\andhelp@=\toks20
\eqnshift@=\dimen132
\alignsep@=\dimen133
\tagshift@=\dimen134
\tagwidth@=\dimen135
\totwidth@=\dimen136
\lineht@=\dimen137
\@envbody=\toks21
\multlinegap=\skip55
\multlinetaggap=\skip56
\mathdisplay@stack=\toks22
LaTeX Info: Redefining \[ on input line 2665.
LaTeX Info: Redefining \] on input line 2666.
)
(/usr/share/texlive/texmf-dist/tex/latex/amscls/amsthm.sty
Package: amsthm 2004/08/06 v2.20
\thm@style=\toks23
\thm@bodyfont=\toks24
\thm@headfont=\toks25
\thm@notefont=\toks26
\thm@headpunct=\toks27
\thm@preskip=\skip57
\thm@postskip=\skip58
\thm@headsep=\skip59
\dth@everypar=\toks28
)
(/usr/share/texlive/texmf-dist/tex/latex/amsfonts/amssymb.sty
Package: amssymb 2013/01/14 v3.01 AMS font symbols

(/usr/share/texlive/texmf-dist/tex/latex/amsfonts/amsfonts.sty
Package: amsfonts 2013/01/14 v3.01 Basic AMSFonts support
\symAMSa=\mathgroup4
\symAMSb=\mathgroup5
LaTeX Font Info:    Overwriting math alphabet `\mathfrak' in version `bold'
(Font)                  U/euf/m/n --> U/euf/b/n on input line 106.
))
(/usr/share/texlive/texmf-dist/tex/latex/hyperref/hyperref.sty
Package: hyperref 2012/11/06 v6.83m Hypertext links for LaTeX

(/usr/share/texlive/texmf-dist/tex/generic/oberdiek/hobsub-hyperref.sty
Package: hobsub-hyperref 2012/05/28 v1.13 Bundle oberdiek, subset hyperref (HO)


(/usr/share/texlive/texmf-dist/tex/generic/oberdiek/hobsub-generic.sty
Package: hobsub-generic 2012/05/28 v1.13 Bundle oberdiek, subset generic (HO)
Package: hobsub 2012/05/28 v1.13 Construct package bundles (HO)
Package hobsub Info: Skipping package `infwarerr' (already loaded).
Package hobsub Info: Skipping package `ltxcmds' (already loaded).
Package hobsub Info: Skipping package `ifluatex' (already loaded).
Package hobsub Info: Skipping package `ifvtex' (already loaded).
Package: intcalc 2007/09/27 v1.1 Expandable calculations with integers (HO)
Package hobsub Info: Skipping package `ifpdf' (already loaded).
Package hobsub Info: Skipping package `etexcmds' (already loaded).
Package hobsub Info: Skipping package `kvsetkeys' (already loaded).
Package hobsub Info: Skipping package `kvdefinekeys' (already loaded).
Package hobsub Info: Skipping package `pdftexcmds' (already loaded).
Package: pdfescape 2011/11/25 v1.13 Implements pdfTeX's escape features (HO)
Package: bigintcalc 2012/04/08 v1.3 Expandable calculations on big integers (HO
)
Package: bitset 2011/01/30 v1.1 Handle bit-vector datatype (HO)
Package: uniquecounter 2011/01/30 v1.2 Provide unlimited unique counter (HO)
)
Package hobsub Info: Skipping package `hobsub' (already loaded).
Package: letltxmacro 2010/09/02 v1.4 Let assignment for LaTeX macros (HO)
Package: hopatch 2012/05/28 v1.2 Wrapper for package hooks (HO)
Package: xcolor-patch 2011/01/30 xcolor patch
Package: atveryend 2011/06/30 v1.8 Hooks at the very end of document (HO)
Package atveryend Info: \enddocument detected (standard20110627).
Package: atbegshi 2011/10/05 v1.16 At begin shipout hook (HO)
Package: refcount 2011/10/16 v3.4 Data extraction from label references (HO)
Package: hycolor 2011/01/30 v1.7 Color options for hyperref/bookmark (HO)
)
(/usr/share/texlive/texmf-dist/tex/latex/oberdiek/auxhook.sty
Package: auxhook 2011/03/04 v1.3 Hooks for auxiliary files (HO)
)
\@linkdim=\dimen138
\Hy@linkcounter=\count117
\Hy@pagecounter=\count118

(/usr/share/texlive/texmf-dist/tex/latex/hyperref/pd1enc.def
File: pd1enc.def 2012/11/06 v6.83m Hyperref: PDFDocEncoding definition (HO)
Now handling font encoding PD1 ...
... no UTF-8 mapping file for font encoding PD1
)
\Hy@SavedSpaceFactor=\count119

(/usr/share/texlive/texmf-dist/tex/latex/latexconfig/hyperref.cfg
File: hyperref.cfg 2002/06/06 v1.2 hyperref configuration of TeXLive
)
Package hyperref Info: Hyper figures OFF on input line 4443.
Package hyperref Info: Link nesting OFF on input line 4448.
Package hyperref Info: Hyper index ON on input line 4451.
Package hyperref Info: Plain pages OFF on input line 4458.
Package hyperref Info: Backreferencing OFF on input line 4463.
Package hyperref Info: Implicit mode ON; LaTeX internals redefined.
Package hyperref Info: Bookmarks ON on input line 4688.
\c@Hy@tempcnt=\count120

(/usr/share/texlive/texmf-dist/tex/latex/url/url.sty
\Urlmuskip=\muskip11
Package: url 2006/04/12  ver 3.3  Verb mode for urls, etc.
)
LaTeX Info: Redefining \url on input line 5041.
\XeTeXLinkMargin=\dimen139
\Fld@menulength=\count121
\Field@Width=\dimen140
\Fld@charsize=\dimen141
Package hyperref Info: Hyper figures OFF on input line 6295.
Package hyperref Info: Link nesting OFF on input line 6300.
Package hyperref Info: Hyper index ON on input line 6303.
Package hyperref Info: backreferencing OFF on input line 6310.
Package hyperref Info: Link coloring OFF on input line 6315.
Package hyperref Info: Link coloring with OCG OFF on input line 6320.
Package hyperref Info: PDF/A mode OFF on input line 6325.
LaTeX Info: Redefining \ref on input line 6365.
LaTeX Info: Redefining \pageref on input line 6369.
\Hy@abspage=\count122
\c@Item=\count123
\c@Hfootnote=\count124
)

Package hyperref Message: Driver (autodetected): hpdftex.

(/usr/share/texlive/texmf-dist/tex/latex/hyperref/hpdftex.def
File: hpdftex.def 2012/11/06 v6.83m Hyperref driver for pdfTeX
\Fld@listcount=\count125
\c@bookmark@seq@number=\count126

(/usr/share/texlive/texmf-dist/tex/latex/oberdiek/rerunfilecheck.sty
Package: rerunfilecheck 2011/04/15 v1.7 Rerun checks for auxiliary files (HO)
Package uniquecounter Info: New unique counter `rerunfilecheck' on input line 2
82.
)
\Hy@SectionHShift=\skip60
)
(/usr/share/texlive/texmf-dist/tex/latex/multirow/multirow.sty
\bigstrutjot=\dimen142
)
(/usr/share/texlive/texmf-dist/tex/latex/appendix/appendix.sty
Package: appendix 2009/09/02 v1.2b extra appendix facilities
\c@@pps=\count127
\c@@ppsavesec=\count128
\c@@ppsaveapp=\count129
)
(/usr/share/texlive/texmf-dist/tex/latex/mh/mathtools.sty
Package: mathtools 2013/02/12 v1.13 mathematical typesetting tools

(/usr/share/texlive/texmf-dist/tex/latex/tools/calc.sty
Package: calc 2007/08/22 v4.3 Infix arithmetic (KKT,FJ)
\calc@Acount=\count130
\calc@Bcount=\count131
\calc@Adimen=\dimen143
\calc@Bdimen=\dimen144
\calc@Askip=\skip61
\calc@Bskip=\skip62
LaTeX Info: Redefining \setlength on input line 76.
LaTeX Info: Redefining \addtolength on input line 77.
\calc@Ccount=\count132
\calc@Cskip=\skip63
)
(/usr/share/texlive/texmf-dist/tex/latex/mh/mhsetup.sty
Package: mhsetup 2010/01/21 v1.2a programming setup (MH)
)
LaTeX Info: Thecontrolsequence`\('isalreadyrobust on input line 129.
LaTeX Info: Thecontrolsequence`\)'isalreadyrobust on input line 129.
LaTeX Info: Thecontrolsequence`\['isalreadyrobust on input line 129.
LaTeX Info: Thecontrolsequence`\]'isalreadyrobust on input line 129.
\g_MT_multlinerow_int=\count133
\l_MT_multwidth_dim=\dimen145
\origjot=\skip64
\l_MT_shortvdotswithinadjustabove_dim=\dimen146
\l_MT_shortvdotswithinadjustbelow_dim=\dimen147
\l_MT_above_intertext_sep=\dimen148
\l_MT_below_intertext_sep=\dimen149
\l_MT_above_shortintertext_sep=\dimen150
\l_MT_below_shortintertext_sep=\dimen151
)
(/usr/share/texlive/texmf-dist/tex/latex/setspace/setspace.sty
Package: setspace 2011/12/19 v6.7a set line spacing
)
(./Bath_mahe_001.aux)
\openout1 = `Bath_mahe_001.aux'.

LaTeX Font Info:    Checking defaults for OML/cmm/m/it on input line 52.
LaTeX Font Info:    ... okay on input line 52.
LaTeX Font Info:    Checking defaults for T1/cmr/m/n on input line 52.
LaTeX Font Info:    ... okay on input line 52.
LaTeX Font Info:    Checking defaults for OT1/cmr/m/n on input line 52.
LaTeX Font Info:    ... okay on input line 52.
LaTeX Font Info:    Checking defaults for OMS/cmsy/m/n on input line 52.
LaTeX Font Info:    ... okay on input line 52.
LaTeX Font Info:    Checking defaults for OMX/cmex/m/n on input line 52.
LaTeX Font Info:    ... okay on input line 52.
LaTeX Font Info:    Checking defaults for U/cmr/m/n on input line 52.
LaTeX Font Info:    ... okay on input line 52.
LaTeX Font Info:    Checking defaults for PD1/pdf/m/n on input line 52.
LaTeX Font Info:    ... okay on input line 52.

*geometry* driver: auto-detecting
*geometry* detected driver: pdftex
*geometry* verbose mode - [ preamble ] result:
* driver: pdftex
* paper: a4paper
* layout: <same size as paper>
* layoutoffset:(h,v)=(0.0pt,0.0pt)
* bindingoffset: 14.22636pt
* modes: twoside 
* h-part:(L,W,R)=(56.9055pt, 469.4705pt, 56.9055pt)
* v-part:(T,H,B)=(85.35826pt, 674.33032pt, 85.35826pt)
* \paperwidth=597.50787pt
* \paperheight=845.04684pt
* \textwidth=469.4705pt
* \textheight=674.33032pt
* \oddsidemargin=-1.13812pt
* \evensidemargin=-15.36449pt
* \topmargin=-23.91173pt
* \headheight=13.6pt
* \headsep=25.0pt
* \topskip=11.0pt
* \footskip=30.0pt
* \marginparwidth=103.0pt
* \marginparsep=10.0pt
* \columnsep=10.0pt
* \skip\footins=10.0pt plus 4.0pt minus 2.0pt
* \hoffset=0.0pt
* \voffset=0.0pt
* \mag=1000
* \@twocolumnfalse
* \@twosidetrue
* \@mparswitchtrue
* \@reversemarginfalse
* (1in=72.27pt=25.4mm, 1cm=28.453pt)

(/usr/share/texlive/texmf-dist/tex/context/base/supp-pdf.mkii
[Loading MPS to PDF converter (version 2006.09.02).]
\scratchcounter=\count134
\scratchdimen=\dimen152
\scratchbox=\box54
\nofMPsegments=\count135
\nofMParguments=\count136
\everyMPshowfont=\toks29
\MPscratchCnt=\count137
\MPscratchDim=\dimen153
\MPnumerator=\count138
\makeMPintoPDFobject=\count139
\everyMPtoPDFconversion=\toks30
)
Package caption Info: Begin \AtBeginDocument code.
Package caption Info: hyperref package is loaded.
Package caption Info: End \AtBeginDocument code.
Package lastpage Info: Please have a look at the pageslts package at
(lastpage)             http://www.ctan.org/tex-archive/ 
(lastpage)             macros/latex/contrib/pageslts/ 
(lastpage)             or
(lastpage)             http://www.ctan.org/tex-archive/ 
(lastpage)             install/macros/latex/contrib/pageslts.tds.zip
(lastpage)             ! on input line 52.
\AtBeginShipoutBox=\box55
Package hyperref Info: Link coloring OFF on input line 52.
 (/usr/share/texlive/texmf-dist/tex/latex/hyperref/nameref.sty
Package: nameref 2012/10/27 v2.43 Cross-referencing by name of section

(/usr/share/texlive/texmf-dist/tex/generic/oberdiek/gettitlestring.sty
Package: gettitlestring 2010/12/03 v1.4 Cleanup title references (HO)
)
\c@section@level=\count140
)
LaTeX Info: Redefining \ref on input line 52.
LaTeX Info: Redefining \pageref on input line 52.
LaTeX Info: Redefining \nameref on input line 52.

(./Bath_mahe_001.out) (./Bath_mahe_001.out)
\@outlinefile=\write3
\openout3 = `Bath_mahe_001.out'.

 (./TitelSeite.tex
LaTeX Font Info:    Try loading font information for U+msa on input line 4.

(/usr/share/texlive/texmf-dist/tex/latex/amsfonts/umsa.fd
File: umsa.fd 2013/01/14 v3.01 AMS symbols A
)
LaTeX Font Info:    Try loading font information for U+msb on input line 4.

(/usr/share/texlive/texmf-dist/tex/latex/amsfonts/umsb.fd
File: umsb.fd 2013/01/14 v3.01 AMS symbols B
)) [1

{/usr/share/texlive/texmf/fonts/map/pdftex/updmap/pdftex.map}] [2] (./Bath_mahe
_001.tocpdfTeX warning (ext4): destination with the same identifier (name{page.
1}) has been already used, duplicate ignored
<to be read again> 
                   \relax 
l.24 ...stematische Unsicherheit}{38}{section.4.2}
                                                   [1


])
\tf@toc=\write4
\openout4 = `Bath_mahe_001.toc'.

pdfTeX warning (ext4): destination with the same identifier (name{page.2}) has 
been already used, duplicate ignored
<to be read again> 
                   \relax 
l.70 \chapter
             *{Einleitung} [2] (./s1.tex)
Overfull \hbox (5.5939pt too wide) in paragraph at lines 1--72
\OT1/cmr/m/n/10.95 Um ein Quark-Gluonen-Plasma zu erzeu-gen, wer-den Blei-Ionen
 auf fast Licht-geschwindigkeit beschle-
 []


Underfull \vbox (badness 10000) has occurred while \output is active []

 [3

]
[4]
Kapitel 1.
(./s1s1.tex
Overfull \hbox (5.53375pt too wide) in paragraph at lines 10--16
 [][] 
 []

) [5

] (./s1s2.tex <QCD_phase_diagram.pdf, id=204, 722.7pt x 542.025pt>
File: QCD_phase_diagram.pdf Graphic file (type pdf)

<use QCD_phase_diagram.pdf>
Package pdftex.def Info: QCD_phase_diagram.pdf used on input line 50.
(pdftex.def)             Requested size: 281.68517pt x 211.26483pt.
) [6]
Underfull \vbox (badness 10000) has occurred while \output is active []

 [7]
(./s1s3.tex) [8 <./QCD_phase_diagram.pdf>]
Overfull \hbox (6.45572pt too wide) in paragraph at lines 83--83
[]\OT1/cmr/bx/n/14.4 Messung neu-traler Pi-o-nen zur Un-ter-suchung des Quark-G
luon-
 []

(./s1s4.tex

Package Fancyhdr Warning: \headheight is too small (13.6pt): 
 Make it at least 25.16252pt.
 We now make it that large for the rest of the document.
 This may cause the page layout to be inconsistent, however.

[9] [10])

Package Fancyhdr Warning: \headheight is too small (13.6pt): 
 Make it at least 25.16252pt.
 We now make it that large for the rest of the document.
 This may cause the page layout to be inconsistent, however.

[11]
Kapitel 2.
(./s2.tex)
Underfull \vbox (badness 10000) has occurred while \output is active []

 [12

]
(./s2s1.tex <ALICE.jpg, id=282, 767.0256pt x 521.3076pt>
File: ALICE.jpg Graphic file (type jpg)
 <use ALICE.jpg>
Package pdftex.def Info: ALICE.jpg used on input line 5.
(pdftex.def)             Requested size: 422.52058pt x 287.17346pt.
)
[13 <./ALICE.jpg>] (./s2s2.tex
<m02&m20.png, id=294, 336.25626pt x 211.79124pt>
File: m02&m20.png Graphic file (type png)
 <use m02&m20.png>
Package pdftex.def Info: m02&m20.png used on input line 30.
(pdftex.def)             Requested size: 164.31754pt x 103.49422pt.
 [14])
Underfull \vbox (badness 10000) has occurred while \output is active []

 [15 <./m02&m20.png>] [16]
Kapitel 3.
(./s3s1s1.tex) (./s3s1s2.tex
Underfull \vbox (badness 10000) has occurred while \output is active []

 [17

]
[18]) (./s3s2.tex <hInvMass_pT_Signal.pdf, id=338, 569.12625pt x 550.055pt>
File: hInvMass_pT_Signal.pdf Graphic file (type pdf)

<use hInvMass_pT_Signal.pdf>
Package pdftex.def Info: hInvMass_pT_Signal.pdf used on input line 8.
(pdftex.def)             Requested size: 328.62791pt x 317.63046pt.

<hSignalPlusBkg.pdf, id=342, 569.12625pt x 387.4475pt>
File: hSignalPlusBkg.pdf Graphic file (type pdf)

<use hSignalPlusBkg.pdf>
Package pdftex.def Info: hSignalPlusBkg.pdf used on input line 39.
(pdftex.def)             Requested size: 352.10287pt x 239.71245pt.
) [19 <./hInvMass_pT_Signal.pdf, page is rotated 90 degrees>] (./s3s3.tex <hInv
Mass_pT_Bkg.pdf, id=395, 569.12625pt x 550.055pt>
File: hInvMass_pT_Bkg.pdf Graphic file (type pdf)

<use hInvMass_pT_Bkg.pdf>
Package pdftex.def Info: hInvMass_pT_Bkg.pdf used on input line 3.
(pdftex.def)             Requested size: 328.62791pt x 317.63046pt.

Underfull \vbox (badness 10000) has occurred while \output is active []

 [20]
Overfull \hbox (2.66113pt too wide) in paragraph at lines 7--17
\OT1/cmr/m/it/10.95 Clus-ter \OT1/cmr/m/n/10.95 aus un-ter-schiedlichen \OT1/cm
r/m/it/10.95 Events \OT1/cmr/m/n/10.95 paar-weise miteinan-der kom-biniert. Dad
urch wird sichergestellt,
 []


Package Fancyhdr Warning: \headheight is too small (13.6pt): 
 Make it at least 13.68405pt.
 We now make it that large for the rest of the document.
 This may cause the page layout to be inconsistent, however.

[21 <./hSignalPlusBkg.pdf, page is rotated 90 degrees>]
<hUncorrBkgNorm.pdf, id=453, 569.12625pt x 387.4475pt>
File: hUncorrBkgNorm.pdf Graphic file (type pdf)

<use hUncorrBkgNorm.pdf>
Package pdftex.def Info: hUncorrBkgNorm.pdf used on input line 31.
(pdftex.def)             Requested size: 352.10287pt x 239.71245pt.
 <hInvMass_Data.pdf, id=459, 569.12625pt x 387.4475pt>
File: hInvMass_Data.pdf Graphic file (type pdf)

<use hInvMass_Data.pdf>
Package pdftex.def Info: hInvMass_Data.pdf used on input line 41.
(pdftex.def)             Requested size: 352.10287pt x 239.71245pt.
) [22 <./hInvMass_pT_Bkg.pdf, page is rotated 90 degrees>] (./s3s4.tex <Standar
dParam.pdf, id=511, 569.12625pt x 387.4475pt>
File: StandardParam.pdf Graphic file (type pdf)

<use StandardParam.pdf>
Package pdftex.def Info: StandardParam.pdf used on input line 10.
(pdftex.def)             Requested size: 352.10287pt x 239.71245pt.
)
Overfull \hbox (7.01442pt too wide) in paragraph at lines 1--111
\OT1/cmr/m/n/10.95 grunde liegen. F[]ur die Ab-sch[]atzung des ko-r-re-lierten 
Un-ter-grunds wird eine lin-eare Funk-tion angenom-
 []


Underfull \vbox (badness 10000) has occurred while \output is active []



Package Fancyhdr Warning: \headheight is too small (13.6pt): 
 Make it at least 13.68405pt.
 We now make it that large for the rest of the document.
 This may cause the page layout to be inconsistent, however.

[23 <./hUncorrBkgNorm.pdf, page is rotated 90 degrees>]
Underfull \vbox (badness 10000) has occurred while \output is active []

 [24 <./hInvMass_Data.pdf, page is rotated 90 degrees>] (./s3s5.tex) (./s3s5s1.
tex
<PeakTemplateMotivation10_Data_2016.pdf, id=611, 569.12625pt x 387.4475pt>
File: PeakTemplateMotivation10_Data_2016.pdf Graphic file (type pdf)

<use PeakTemplateMotivation10_Data_2016.pdf>
Package pdftex.def Info: PeakTemplateMotivation10_Data_2016.pdf used on input l
ine 6.
(pdftex.def)             Requested size: 352.10287pt x 239.71245pt.
) [25 <./StandardParam.pdf, page is rotated 90 degrees>] [26 <./PeakTemplateMot
ivation10_Data_2016.pdf, page is rotated 90 degrees>] (./s3s5s2.tex
<EntstehungUntergrund10_Data_2016.pdf, id=708, 569.12625pt x 387.4475pt>
File: EntstehungUntergrund10_Data_2016.pdf Graphic file (type pdf)

<use EntstehungUntergrund10_Data_2016.pdf>
Package pdftex.def Info: EntstehungUntergrund10_Data_2016.pdf used on input lin
e 4.
(pdftex.def)             Requested size: 352.10287pt x 239.71245pt.

<BackgroundWithRatio10_Data_2016.pdf, id=710, 569.12625pt x 550.055pt>
File: BackgroundWithRatio10_Data_2016.pdf Graphic file (type pdf)

<use BackgroundWithRatio10_Data_2016.pdf>
Package pdftex.def Info: BackgroundWithRatio10_Data_2016.pdf used on input line
 24.
(pdftex.def)             Requested size: 328.62791pt x 317.63046pt.
 [27 <./EntstehungUntergrund10_Data_2016.pdf, page is rotated 90 degrees>]
Underfull \vbox (badness 10000) has occurred while \output is active []

 [28 <./BackgroundWithRatio10_Data_2016.pdf, page is rotated 90 degrees>]
Underfull \vbox (badness 10000) has occurred while \output is active []

 [29]
[30]) (./s3s5s3.tex <Chi2Map10_Data_2016.pdf, id=825, 569.12625pt x 550.055pt>
File: Chi2Map10_Data_2016.pdf Graphic file (type pdf)

<use Chi2Map10_Data_2016.pdf>
Package pdftex.def Info: Chi2Map10_Data_2016.pdf used on input line 18.
(pdftex.def)             Requested size: 305.15295pt x 294.93538pt.

<Chi2NoComp_Data_2016.pdf, id=828, 569.12625pt x 387.4475pt>
File: Chi2NoComp_Data_2016.pdf Graphic file (type pdf)

<use Chi2NoComp_Data_2016.pdf>
Package pdftex.def Info: Chi2NoComp_Data_2016.pdf used on input line 41.
(pdftex.def)             Requested size: 305.15295pt x 207.74644pt.

Underfull \hbox (badness 1132) in paragraph at lines 45--45
[]\OT1/cmr/m/n/10.95 Abbildung 3.11: |Ergeb-nis der $\OML/cmm/m/it/10.95 ^^_[]$
\OT1/cmr/m/n/10.95 -Minimierung: $[]$ in Abh[]angigkeit von $\OML/cmm/m/it/10.9
5 p[]$\OT1/cmr/m/n/10.95 . F[]ur $2\OML/cmm/m/it/10.95 ;  \OT1/cmr/m/n/10.95 2 
\OMS/cmsy/m/n/10.95 ^^T
 []

<SF_Data_2016.pdf, id=830, 569.12625pt x 387.4475pt>
File: SF_Data_2016.pdf Graphic file (type pdf)
 <use SF_Data_2016.pdf>
Package pdftex.def Info: SF_Data_2016.pdf used on input line 56.
(pdftex.def)             Requested size: 305.15295pt x 207.74644pt.
)
Underfull \vbox (badness 1845) has occurred while \output is active []

 [31]
Underfull \vbox (badness 10000) has occurred while \output is active []

 [32 <./Chi2Map10_Data_2016.pdf, page is rotated 90 degrees>] (./s3s5s4.tex
<ParamResult_Bin10_Data_2016.pdf, id=886, 569.12625pt x 387.4475pt>
File: ParamResult_Bin10_Data_2016.pdf Graphic file (type pdf)

<use ParamResult_Bin10_Data_2016.pdf>
Package pdftex.def Info: ParamResult_Bin10_Data_2016.pdf used on input line 3.
(pdftex.def)             Requested size: 305.15295pt x 207.74644pt.

Underfull \vbox (badness 10000) has occurred while \output is active []

 [33 <./Chi2NoComp_Data_2016.pdf, page is rotated 90 degrees>]
<UncorrYields_Data_2016.pdf, id=940, 569.12625pt x 387.4475pt>
File: UncorrYields_Data_2016.pdf Graphic file (type pdf)

<use UncorrYields_Data_2016.pdf>
Package pdftex.def Info: UncorrYields_Data_2016.pdf used on input line 19.
(pdftex.def)             Requested size: 305.15295pt x 207.74644pt.
) [34 <./SF_Data_2016.pdf, page is rotated 90 degrees> <./ParamResult_Bin10_Dat
a_2016.pdf, page is rotated 90 degrees>]
[35 <./UncorrYields_Data_2016.pdf, page is rotated 90 degrees>]
Kapitel 4.
(./s4s1.tex
<Korrekturfaktoren_Data_2016.pdf, id=1082, 569.12625pt x 387.4475pt>
File: Korrekturfaktoren_Data_2016.pdf Graphic file (type pdf)

<use Korrekturfaktoren_Data_2016.pdf>
Package pdftex.def Info: Korrekturfaktoren_Data_2016.pdf used on input line 10.

(pdftex.def)             Requested size: 305.15295pt x 207.74644pt.
 [36

]
<KorrigierterYieldNurStat_Data_2016.pdf, id=1089, 569.12625pt x 387.4475pt>
File: KorrigierterYieldNurStat_Data_2016.pdf Graphic file (type pdf)

<use KorrigierterYieldNurStat_Data_2016.pdf>
Package pdftex.def Info: KorrigierterYieldNurStat_Data_2016.pdf used on input l
ine 34.
(pdftex.def)             Requested size: 305.15295pt x 207.74644pt.
)
Underfull \vbox (badness 4859) has occurred while \output is active []

 [37 <./Korrekturfaktoren_Data_2016.pdf, page is rotated 90 degrees> <./Korrigi
erterYieldNurStat_Data_2016.pdf, page is rotated 90 degrees>] (./s4s2.tex
<YieldsSysUncerIntRange_Data_2016.pdf, id=1184, 569.12625pt x 387.4475pt>
File: YieldsSysUncerIntRange_Data_2016.pdf Graphic file (type pdf)

<use YieldsSysUncerIntRange_Data_2016.pdf>
Package pdftex.def Info: YieldsSysUncerIntRange_Data_2016.pdf used on input lin
e 24.
(pdftex.def)             Requested size: 305.15295pt x 207.74644pt.

<YieldsSysUncerFitRange_Data_2016.pdf, id=1186, 569.12625pt x 387.4475pt>
File: YieldsSysUncerFitRange_Data_2016.pdf Graphic file (type pdf)

<use YieldsSysUncerFitRange_Data_2016.pdf>
Package pdftex.def Info: YieldsSysUncerFitRange_Data_2016.pdf used on input lin
e 35.
(pdftex.def)             Requested size: 305.15295pt x 207.74644pt.

<YieldsSysUncerRebinning_Data_2016.pdf, id=1188, 569.12625pt x 387.4475pt>
File: YieldsSysUncerRebinning_Data_2016.pdf Graphic file (type pdf)

<use YieldsSysUncerRebinning_Data_2016.pdf>
Package pdftex.def Info: YieldsSysUncerRebinning_Data_2016.pdf used on input li
ne 46.
(pdftex.def)             Requested size: 305.15295pt x 207.74644pt.

<YieldsSysUncerBkgVariation_Data_2016.pdf, id=1190, 569.12625pt x 387.4475pt>
File: YieldsSysUncerBkgVariation_Data_2016.pdf Graphic file (type pdf)

<use YieldsSysUncerBkgVariation_Data_2016.pdf>
Package pdftex.def Info: YieldsSysUncerBkgVariation_Data_2016.pdf used on input
 line 76.
(pdftex.def)             Requested size: 305.15295pt x 207.74644pt.

<YieldsSysUncerUncorrBkgVariation_Data_2016.pdf, id=1193, 569.12625pt x 387.447
5pt>
File: YieldsSysUncerUncorrBkgVariation_Data_2016.pdf Graphic file (type pdf)
 <use YieldsSysUncerUncorrBkgVariation_Data_2016.pdf>
Package pdftex.def Info: YieldsSysUncerUncorrBkgVariation_Data_2016.pdf used on
 input line 91.
(pdftex.def)             Requested size: 305.15295pt x 207.74644pt.

<SystematischeUnsicherheit_Data_2016.pdf, id=1195, 569.12625pt x 387.4475pt>
File: SystematischeUnsicherheit_Data_2016.pdf Graphic file (type pdf)

<use SystematischeUnsicherheit_Data_2016.pdf>
Package pdftex.def Info: SystematischeUnsicherheit_Data_2016.pdf used on input 
line 103.
(pdftex.def)             Requested size: 305.15295pt x 207.74644pt.

Overfull \hbox (1.68454pt too wide) in paragraph at lines 1--110
\OT1/cmr/m/n/10.95 Beide Vari-a-tio-nen zeigen kaum Ab-we-ichun-gen, lediglich 
im $\OML/cmm/m/it/10.95 p[]$\OT1/cmr/m/n/10.95 -Bereich von $6\OML/cmm/m/it/10.
95 ; \OT1/cmr/m/n/10.95 0[]\OML/cmm/m/it/10.95 =c$ \OT1/cmr/m/n/10.95 bis $7\OM
L/cmm/m/it/10.95 ; \OT1/cmr/m/n/10.95 5[]\OML/cmm/m/it/10.95 =c$
 []

[38]
Underfull \vbox (badness 1297) has occurred while \output is active []

 [39 <./YieldsSysUncerIntRange_Data_2016.pdf, page is rotated 90 degrees> <./Yi
eldsSysUncerFitRange_Data_2016.pdf, page is rotated 90 degrees>]
Underfull \vbox (badness 3439) has occurred while \output is active []

 [40 <./YieldsSysUncerRebinning_Data_2016.pdf, page is rotated 90 degrees>]
Underfull \vbox (badness 1297) has occurred while \output is active []

 [41 <./YieldsSysUncerBkgVariation_Data_2016.pdf, page is rotated 90 degrees> <
./YieldsSysUncerUncorrBkgVariation_Data_2016.pdf, page is rotated 90 degrees>]
<KorrigierterYield_Data_2016.pdf, id=1438, 569.12625pt x 387.4475pt>
File: KorrigierterYield_Data_2016.pdf Graphic file (type pdf)

<use KorrigierterYield_Data_2016.pdf>
Package pdftex.def Info: KorrigierterYield_Data_2016.pdf used on input line 125
.
(pdftex.def)             Requested size: 305.15295pt x 207.74644pt.
)
Underfull \vbox (badness 10000) has occurred while \output is active []

 [42 <./SystematischeUnsicherheit_Data_2016.pdf, page is rotated 90 degrees>] (
./s4s3.tex
<KorrigierteYields_Data_2016.pdf, id=1490, 536.0025pt x 739.76375pt>
File: KorrigierteYields_Data_2016.pdf Graphic file (type pdf)

<use KorrigierteYields_Data_2016.pdf>
Package pdftex.def Info: KorrigierteYields_Data_2016.pdf used on input line 3.
(pdftex.def)             Requested size: 305.15295pt x 421.15047pt.

<StatistischeUnsicherheitVergleich_Data_2016.pdf, id=1492, 569.12625pt x 387.44
75pt>
File: StatistischeUnsicherheitVergleich_Data_2016.pdf Graphic file (type pdf)
 <use StatistischeUnsicherheitVergleich_Data_2016.pdf>
Package pdftex.def Info: StatistischeUnsicherheitVergleich_Data_2016.pdf used o
n input line 16.
(pdftex.def)             Requested size: 305.15295pt x 207.74644pt.
) [43 <./KorrigierterYield_Data_2016.pdf, page is rotated 90 degrees>]
Underfull \vbox (badness 10000) has occurred while \output is active []

 [44 <./KorrigierteYields_Data_2016.pdf>] [45 <./StatistischeUnsicherheitVergle
ich_Data_2016.pdf, page is rotated 90 degrees>]
Kapitel 5.
(./s5.tex) [46

] [47]
Anhang A.
(./Appendix1.tex
<Anhang/BackgroundWithRatio01_Data_2016.pdf, id=1648, 569.12625pt x 550.055pt>
File: Anhang/BackgroundWithRatio01_Data_2016.pdf Graphic file (type pdf)

<use Anhang/BackgroundWithRatio01_Data_2016.pdf>
Package pdftex.def Info: Anhang/BackgroundWithRatio01_Data_2016.pdf used on inp
ut line 4.
(pdftex.def)             Requested size: 149.32649pt x 144.32025pt.

<Anhang/BackgroundWithRatio02_Data_2016.pdf, id=1649, 569.12625pt x 550.055pt>
File: Anhang/BackgroundWithRatio02_Data_2016.pdf Graphic file (type pdf)

<use Anhang/BackgroundWithRatio02_Data_2016.pdf>
Package pdftex.def Info: Anhang/BackgroundWithRatio02_Data_2016.pdf used on inp
ut line 5.
(pdftex.def)             Requested size: 149.32649pt x 144.32025pt.
 [48


 <./Anhang/BackgroundWithRatio01_Data_2016.pdf, page is rotated 90 degrees> <./
Anhang/BackgroundWithRatio02_Data_2016.pdf, page is rotated 90 degrees>]
<Anhang/BackgroundWithRatio03_Data_2016.pdf, id=1741, 569.12625pt x 550.055pt>
File: Anhang/BackgroundWithRatio03_Data_2016.pdf Graphic file (type pdf)

<use Anhang/BackgroundWithRatio03_Data_2016.pdf>
Package pdftex.def Info: Anhang/BackgroundWithRatio03_Data_2016.pdf used on inp
ut line 13.
(pdftex.def)             Requested size: 149.32649pt x 144.32025pt.

<Anhang/BackgroundWithRatio04_Data_2016.pdf, id=1742, 569.12625pt x 550.055pt>
File: Anhang/BackgroundWithRatio04_Data_2016.pdf Graphic file (type pdf)

<use Anhang/BackgroundWithRatio04_Data_2016.pdf>
Package pdftex.def Info: Anhang/BackgroundWithRatio04_Data_2016.pdf used on inp
ut line 14.
(pdftex.def)             Requested size: 149.32649pt x 144.32025pt.

<Anhang/BackgroundWithRatio05_Data_2016.pdf, id=1743, 569.12625pt x 550.055pt>
File: Anhang/BackgroundWithRatio05_Data_2016.pdf Graphic file (type pdf)

<use Anhang/BackgroundWithRatio05_Data_2016.pdf>
Package pdftex.def Info: Anhang/BackgroundWithRatio05_Data_2016.pdf used on inp
ut line 17.
(pdftex.def)             Requested size: 149.32649pt x 144.32025pt.

<Anhang/BackgroundWithRatio06_Data_2016.pdf, id=1744, 569.12625pt x 550.055pt>
File: Anhang/BackgroundWithRatio06_Data_2016.pdf Graphic file (type pdf)

<use Anhang/BackgroundWithRatio06_Data_2016.pdf>
Package pdftex.def Info: Anhang/BackgroundWithRatio06_Data_2016.pdf used on inp
ut line 18.
(pdftex.def)             Requested size: 149.32649pt x 144.32025pt.

<Anhang/BackgroundWithRatio07_Data_2016.pdf, id=1745, 569.12625pt x 550.055pt>
File: Anhang/BackgroundWithRatio07_Data_2016.pdf Graphic file (type pdf)

<use Anhang/BackgroundWithRatio07_Data_2016.pdf>
Package pdftex.def Info: Anhang/BackgroundWithRatio07_Data_2016.pdf used on inp
ut line 21.
(pdftex.def)             Requested size: 149.32649pt x 144.32025pt.

<Anhang/BackgroundWithRatio08_Data_2016.pdf, id=1746, 569.12625pt x 550.055pt>
File: Anhang/BackgroundWithRatio08_Data_2016.pdf Graphic file (type pdf)

<use Anhang/BackgroundWithRatio08_Data_2016.pdf>
Package pdftex.def Info: Anhang/BackgroundWithRatio08_Data_2016.pdf used on inp
ut line 22.
(pdftex.def)             Requested size: 149.32649pt x 144.32025pt.

<Anhang/BackgroundWithRatio09_Data_2016.pdf, id=1747, 569.12625pt x 550.055pt>
File: Anhang/BackgroundWithRatio09_Data_2016.pdf Graphic file (type pdf)

<use Anhang/BackgroundWithRatio09_Data_2016.pdf>
Package pdftex.def Info: Anhang/BackgroundWithRatio09_Data_2016.pdf used on inp
ut line 25.
(pdftex.def)             Requested size: 149.32649pt x 144.32025pt.

<Anhang/BackgroundWithRatio11_Data_2016.pdf, id=1748, 569.12625pt x 550.055pt>
File: Anhang/BackgroundWithRatio11_Data_2016.pdf Graphic file (type pdf)

<use Anhang/BackgroundWithRatio11_Data_2016.pdf>
Package pdftex.def Info: Anhang/BackgroundWithRatio11_Data_2016.pdf used on inp
ut line 26.
(pdftex.def)             Requested size: 149.32649pt x 144.32025pt.


Package Fancyhdr Warning: \headheight is too small (13.6pt): 
 Make it at least 25.16252pt.
 We now make it that large for the rest of the document.
 This may cause the page layout to be inconsistent, however.

[49 <./Anhang/BackgroundWithRatio03_Data_2016.pdf, page is rotated 90 degrees> 
<./Anhang/BackgroundWithRatio04_Data_2016.pdf, page is rotated 90 degrees> <./A
nhang/BackgroundWithRatio05_Data_2016.pdf, page is rotated 90 degrees> <./Anhan
g/BackgroundWithRatio06_Data_2016.pdf, page is rotated 90 degrees> <./Anhang/Ba
ckgroundWithRatio07_Data_2016.pdf, page is rotated 90 degrees> <./Anhang/Backgr
oundWithRatio08_Data_2016.pdf, page is rotated 90 degrees> <./Anhang/Background
WithRatio09_Data_2016.pdf, page is rotated 90 degrees> <./Anhang/BackgroundWith
Ratio11_Data_2016.pdf, page is rotated 90 degrees>]
<Anhang/BackgroundWithRatio12_Data_2016.pdf, id=2100, 569.12625pt x 550.055pt>
File: Anhang/BackgroundWithRatio12_Data_2016.pdf Graphic file (type pdf)

<use Anhang/BackgroundWithRatio12_Data_2016.pdf>
Package pdftex.def Info: Anhang/BackgroundWithRatio12_Data_2016.pdf used on inp
ut line 34.
(pdftex.def)             Requested size: 149.32649pt x 144.32025pt.

<Anhang/BackgroundWithRatio13_Data_2016.pdf, id=2101, 569.12625pt x 550.055pt>
File: Anhang/BackgroundWithRatio13_Data_2016.pdf Graphic file (type pdf)

<use Anhang/BackgroundWithRatio13_Data_2016.pdf>
Package pdftex.def Info: Anhang/BackgroundWithRatio13_Data_2016.pdf used on inp
ut line 35.
(pdftex.def)             Requested size: 149.32649pt x 144.32025pt.

<Anhang/BackgroundWithRatio14_Data_2016.pdf, id=2102, 569.12625pt x 550.055pt>
File: Anhang/BackgroundWithRatio14_Data_2016.pdf Graphic file (type pdf)

<use Anhang/BackgroundWithRatio14_Data_2016.pdf>
Package pdftex.def Info: Anhang/BackgroundWithRatio14_Data_2016.pdf used on inp
ut line 38.
(pdftex.def)             Requested size: 149.32649pt x 144.32025pt.

<Anhang/BackgroundWithRatio15_Data_2016.pdf, id=2103, 569.12625pt x 550.055pt>
File: Anhang/BackgroundWithRatio15_Data_2016.pdf Graphic file (type pdf)

<use Anhang/BackgroundWithRatio15_Data_2016.pdf>
Package pdftex.def Info: Anhang/BackgroundWithRatio15_Data_2016.pdf used on inp
ut line 39.
(pdftex.def)             Requested size: 149.32649pt x 144.32025pt.

<Anhang/BackgroundWithRatio16_Data_2016.pdf, id=2104, 569.12625pt x 550.055pt>
File: Anhang/BackgroundWithRatio16_Data_2016.pdf Graphic file (type pdf)

<use Anhang/BackgroundWithRatio16_Data_2016.pdf>
Package pdftex.def Info: Anhang/BackgroundWithRatio16_Data_2016.pdf used on inp
ut line 42.
(pdftex.def)             Requested size: 149.32649pt x 144.32025pt.

<Anhang/BackgroundWithRatio17_Data_2016.pdf, id=2105, 569.12625pt x 550.055pt>
File: Anhang/BackgroundWithRatio17_Data_2016.pdf Graphic file (type pdf)

<use Anhang/BackgroundWithRatio17_Data_2016.pdf>
Package pdftex.def Info: Anhang/BackgroundWithRatio17_Data_2016.pdf used on inp
ut line 43.
(pdftex.def)             Requested size: 149.32649pt x 144.32025pt.

<Anhang/BackgroundWithRatio18_Data_2016.pdf, id=2106, 569.12625pt x 550.055pt>
File: Anhang/BackgroundWithRatio18_Data_2016.pdf Graphic file (type pdf)

<use Anhang/BackgroundWithRatio18_Data_2016.pdf>
Package pdftex.def Info: Anhang/BackgroundWithRatio18_Data_2016.pdf used on inp
ut line 46.
(pdftex.def)             Requested size: 149.32649pt x 144.32025pt.

<Anhang/BackgroundWithRatio19_Data_2016.pdf, id=2107, 569.12625pt x 550.055pt>
File: Anhang/BackgroundWithRatio19_Data_2016.pdf Graphic file (type pdf)

<use Anhang/BackgroundWithRatio19_Data_2016.pdf>
Package pdftex.def Info: Anhang/BackgroundWithRatio19_Data_2016.pdf used on inp
ut line 47.
(pdftex.def)             Requested size: 149.32649pt x 144.32025pt.
 [50 <./Anhang/BackgroundWithRatio12_Data_2016.pdf, page is rotated 90 degrees>
 <./Anhang/BackgroundWithRatio13_Data_2016.pdf, page is rotated 90 degrees> <./
Anhang/BackgroundWithRatio14_Data_2016.pdf, page is rotated 90 degrees> <./Anha
ng/BackgroundWithRatio15_Data_2016.pdf, page is rotated 90 degrees> <./Anhang/B
ackgroundWithRatio16_Data_2016.pdf, page is rotated 90 degrees> <./Anhang/Backg
roundWithRatio17_Data_2016.pdf, page is rotated 90 degrees> <./Anhang/Backgroun
dWithRatio18_Data_2016.pdf, page is rotated 90 degrees> <./Anhang/BackgroundWit
hRatio19_Data_2016.pdf, page is rotated 90 degrees>]
<Anhang/BackgroundWithRatio20_Data_2016.pdf, id=2458, 569.12625pt x 550.055pt>
File: Anhang/BackgroundWithRatio20_Data_2016.pdf Graphic file (type pdf)

<use Anhang/BackgroundWithRatio20_Data_2016.pdf>
Package pdftex.def Info: Anhang/BackgroundWithRatio20_Data_2016.pdf used on inp
ut line 55.
(pdftex.def)             Requested size: 149.32649pt x 144.32025pt.

<Anhang/BackgroundWithRatio21_Data_2016.pdf, id=2459, 569.12625pt x 550.055pt>
File: Anhang/BackgroundWithRatio21_Data_2016.pdf Graphic file (type pdf)

<use Anhang/BackgroundWithRatio21_Data_2016.pdf>
Package pdftex.def Info: Anhang/BackgroundWithRatio21_Data_2016.pdf used on inp
ut line 56.
(pdftex.def)             Requested size: 149.32649pt x 144.32025pt.

<Anhang/BackgroundWithRatio22_Data_2016.pdf, id=2460, 569.12625pt x 550.055pt>
File: Anhang/BackgroundWithRatio22_Data_2016.pdf Graphic file (type pdf)

<use Anhang/BackgroundWithRatio22_Data_2016.pdf>
Package pdftex.def Info: Anhang/BackgroundWithRatio22_Data_2016.pdf used on inp
ut line 59.
(pdftex.def)             Requested size: 149.32649pt x 144.32025pt.

<Anhang/BackgroundWithRatio23_Data_2016.pdf, id=2461, 569.12625pt x 550.055pt>
File: Anhang/BackgroundWithRatio23_Data_2016.pdf Graphic file (type pdf)

<use Anhang/BackgroundWithRatio23_Data_2016.pdf>
Package pdftex.def Info: Anhang/BackgroundWithRatio23_Data_2016.pdf used on inp
ut line 60.
(pdftex.def)             Requested size: 149.32649pt x 144.32025pt.

<Anhang/BackgroundWithRatio24_Data_2016.pdf, id=2462, 569.12625pt x 550.055pt>
File: Anhang/BackgroundWithRatio24_Data_2016.pdf Graphic file (type pdf)

<use Anhang/BackgroundWithRatio24_Data_2016.pdf>
Package pdftex.def Info: Anhang/BackgroundWithRatio24_Data_2016.pdf used on inp
ut line 63.
(pdftex.def)             Requested size: 149.32649pt x 144.32025pt.

<Anhang/BackgroundWithRatio25_Data_2016.pdf, id=2463, 569.12625pt x 550.055pt>
File: Anhang/BackgroundWithRatio25_Data_2016.pdf Graphic file (type pdf)

<use Anhang/BackgroundWithRatio25_Data_2016.pdf>
Package pdftex.def Info: Anhang/BackgroundWithRatio25_Data_2016.pdf used on inp
ut line 64.
(pdftex.def)             Requested size: 149.32649pt x 144.32025pt.

<Anhang/BackgroundWithRatio26_Data_2016.pdf, id=2464, 569.12625pt x 550.055pt>
File: Anhang/BackgroundWithRatio26_Data_2016.pdf Graphic file (type pdf)

<use Anhang/BackgroundWithRatio26_Data_2016.pdf>
Package pdftex.def Info: Anhang/BackgroundWithRatio26_Data_2016.pdf used on inp
ut line 67.
(pdftex.def)             Requested size: 149.32649pt x 144.32025pt.

<Anhang/BackgroundWithRatio27_Data_2016.pdf, id=2465, 569.12625pt x 550.055pt>
File: Anhang/BackgroundWithRatio27_Data_2016.pdf Graphic file (type pdf)

<use Anhang/BackgroundWithRatio27_Data_2016.pdf>
Package pdftex.def Info: Anhang/BackgroundWithRatio27_Data_2016.pdf used on inp
ut line 68.
(pdftex.def)             Requested size: 149.32649pt x 144.32025pt.


Package Fancyhdr Warning: \headheight is too small (13.6pt): 
 Make it at least 25.16252pt.
 We now make it that large for the rest of the document.
 This may cause the page layout to be inconsistent, however.

[51 <./Anhang/BackgroundWithRatio20_Data_2016.pdf, page is rotated 90 degrees> 
<./Anhang/BackgroundWithRatio21_Data_2016.pdf, page is rotated 90 degrees> <./A
nhang/BackgroundWithRatio22_Data_2016.pdf, page is rotated 90 degrees> <./Anhan
g/BackgroundWithRatio23_Data_2016.pdf, page is rotated 90 degrees> <./Anhang/Ba
ckgroundWithRatio24_Data_2016.pdf, page is rotated 90 degrees> <./Anhang/Backgr
oundWithRatio25_Data_2016.pdf, page is rotated 90 degrees> <./Anhang/Background
WithRatio26_Data_2016.pdf, page is rotated 90 degrees> <./Anhang/BackgroundWith
Ratio27_Data_2016.pdf, page is rotated 90 degrees>]
<Anhang/BackgroundWithRatio28_Data_2016.pdf, id=2817, 569.12625pt x 550.055pt>
File: Anhang/BackgroundWithRatio28_Data_2016.pdf Graphic file (type pdf)

<use Anhang/BackgroundWithRatio28_Data_2016.pdf>
Package pdftex.def Info: Anhang/BackgroundWithRatio28_Data_2016.pdf used on inp
ut line 76.
(pdftex.def)             Requested size: 149.32649pt x 144.32025pt.

<Anhang/BackgroundWithRatio29_Data_2016.pdf, id=2818, 569.12625pt x 550.055pt>
File: Anhang/BackgroundWithRatio29_Data_2016.pdf Graphic file (type pdf)

<use Anhang/BackgroundWithRatio29_Data_2016.pdf>
Package pdftex.def Info: Anhang/BackgroundWithRatio29_Data_2016.pdf used on inp
ut line 77.
(pdftex.def)             Requested size: 149.32649pt x 144.32025pt.

<Anhang/BackgroundWithRatio30_Data_2016.pdf, id=2819, 569.12625pt x 550.055pt>
File: Anhang/BackgroundWithRatio30_Data_2016.pdf Graphic file (type pdf)

<use Anhang/BackgroundWithRatio30_Data_2016.pdf>
Package pdftex.def Info: Anhang/BackgroundWithRatio30_Data_2016.pdf used on inp
ut line 80.
(pdftex.def)             Requested size: 149.32649pt x 144.32025pt.

<Anhang/BackgroundWithRatio31_Data_2016.pdf, id=2820, 569.12625pt x 550.055pt>
File: Anhang/BackgroundWithRatio31_Data_2016.pdf Graphic file (type pdf)

<use Anhang/BackgroundWithRatio31_Data_2016.pdf>
Package pdftex.def Info: Anhang/BackgroundWithRatio31_Data_2016.pdf used on inp
ut line 81.
(pdftex.def)             Requested size: 149.32649pt x 144.32025pt.

<Anhang/BackgroundWithRatio32_Data_2016.pdf, id=2821, 569.12625pt x 550.055pt>
File: Anhang/BackgroundWithRatio32_Data_2016.pdf Graphic file (type pdf)

<use Anhang/BackgroundWithRatio32_Data_2016.pdf>
Package pdftex.def Info: Anhang/BackgroundWithRatio32_Data_2016.pdf used on inp
ut line 84.
(pdftex.def)             Requested size: 149.32649pt x 144.32025pt.

<Anhang/BackgroundWithRatio33_Data_2016.pdf, id=2822, 569.12625pt x 550.055pt>
File: Anhang/BackgroundWithRatio33_Data_2016.pdf Graphic file (type pdf)

<use Anhang/BackgroundWithRatio33_Data_2016.pdf>
Package pdftex.def Info: Anhang/BackgroundWithRatio33_Data_2016.pdf used on inp
ut line 85.
(pdftex.def)             Requested size: 149.32649pt x 144.32025pt.

<Anhang/BackgroundWithRatio34_Data_2016.pdf, id=2823, 569.12625pt x 550.055pt>
File: Anhang/BackgroundWithRatio34_Data_2016.pdf Graphic file (type pdf)

<use Anhang/BackgroundWithRatio34_Data_2016.pdf>
Package pdftex.def Info: Anhang/BackgroundWithRatio34_Data_2016.pdf used on inp
ut line 88.
(pdftex.def)             Requested size: 149.32649pt x 144.32025pt.

<Anhang/BackgroundWithRatio35_Data_2016.pdf, id=2824, 569.12625pt x 550.055pt>
File: Anhang/BackgroundWithRatio35_Data_2016.pdf Graphic file (type pdf)

<use Anhang/BackgroundWithRatio35_Data_2016.pdf>
Package pdftex.def Info: Anhang/BackgroundWithRatio35_Data_2016.pdf used on inp
ut line 89.
(pdftex.def)             Requested size: 149.32649pt x 144.32025pt.
 [52 <./Anhang/BackgroundWithRatio28_Data_2016.pdf, page is rotated 90 degrees>
 <./Anhang/BackgroundWithRatio29_Data_2016.pdf, page is rotated 90 degrees> <./
Anhang/BackgroundWithRatio30_Data_2016.pdf, page is rotated 90 degrees> <./Anha
ng/BackgroundWithRatio31_Data_2016.pdf, page is rotated 90 degrees> <./Anhang/B
ackgroundWithRatio32_Data_2016.pdf, page is rotated 90 degrees> <./Anhang/Backg
roundWithRatio33_Data_2016.pdf, page is rotated 90 degrees> <./Anhang/Backgroun
dWithRatio34_Data_2016.pdf, page is rotated 90 degrees> <./Anhang/BackgroundWit
hRatio35_Data_2016.pdf, page is rotated 90 degrees>]) (./Appendix2.tex) [53





] (./Bath_mahe_001.bbl
Underfull \hbox (badness 3942) in paragraph at lines 11--17
[]\OT1/cmr/m/n/10.95 Henner B[]usching.  Kerne und Teilchen 1 Die Quark-struk-t
ur der Ma-terie.
 []


Underfull \hbox (badness 10000) in paragraph at lines 11--17
[]$\OT1/cmtt/m/n/10.95 https : / / elearning . physik . uni-[]frankfurt . de / 
goto _ FB13-[]PhysikOnline _ file _
 []

[54

]) [55]
Anhang B.
(./Danksagung.tex) [56


] [57]
Underfull \hbox (badness 10000) in paragraph at lines 158--163

 []


Underfull \hbox (badness 10000) in paragraph at lines 158--163

 []


Underfull \hbox (badness 10000) in paragraph at lines 158--163

 []


AED: lastpage setting LastPage
[58


]
Package atveryend Info: Empty hook `BeforeClearDocument' on input line 164.
Package atveryend Info: Empty hook `AfterLastShipout' on input line 164.
 (./Bath_mahe_001.aux)
Package atveryend Info: Executing hook `AtVeryEndDocument' on input line 164.
Package atveryend Info: Executing hook `AtEndAfterFileList' on input line 164.
Package rerunfilecheck Info: File `Bath_mahe_001.out' has not changed.
(rerunfilecheck)             Checksum: 35895F22A41D8A710C2F51905E52605F;2300.
Package atveryend Info: Empty hook `AtVeryVeryEnd' on input line 164.
 ) 
Here is how much of TeX's memory you used:
 9699 strings out of 494820
 150204 string characters out of 3178049
 255535 words of memory out of 3000000
 12426 multiletter control sequences out of 15000+200000
 21240 words of font info for 77 fonts, out of 3000000 for 9000
 198 hyphenation exceptions out of 8191
 42i,16n,51p,701b,484s stack positions out of 5000i,500n,10000p,200000b,50000s
</usr/share/texlive/texmf-dist/fonts/type1/public/amsfonts/cm/cmbsy10.pfb></u
sr/share/texlive/texmf-dist/fonts/type1/public/amsfonts/cm/cmbx10.pfb></usr/sha
re/texlive/texmf-dist/fonts/type1/public/amsfonts/cm/cmbx12.pfb></usr/share/tex
live/texmf-dist/fonts/type1/public/amsfonts/cm/cmbx8.pfb></usr/share/texlive/te
xmf-dist/fonts/type1/public/amsfonts/cm/cmbxti10.pfb></usr/share/texlive/texmf-
dist/fonts/type1/public/amsfonts/cm/cmex10.pfb></usr/share/texlive/texmf-dist/f
onts/type1/public/amsfonts/cm/cmmi10.pfb></usr/share/texlive/texmf-dist/fonts/t
ype1/public/amsfonts/cm/cmmi8.pfb></usr/share/texlive/texmf-dist/fonts/type1/pu
blic/amsfonts/cm/cmmib10.pfb></usr/share/texlive/texmf-dist/fonts/type1/public/
amsfonts/cm/cmr10.pfb></usr/share/texlive/texmf-dist/fonts/type1/public/amsfont
s/cm/cmr12.pfb></usr/share/texlive/texmf-dist/fonts/type1/public/amsfonts/cm/cm
r17.pfb></usr/share/texlive/texmf-dist/fonts/type1/public/amsfonts/cm/cmr6.pfb>
</usr/share/texlive/texmf-dist/fonts/type1/public/amsfonts/cm/cmr8.pfb></usr/sh
are/texlive/texmf-dist/fonts/type1/public/amsfonts/cm/cmsy10.pfb></usr/share/te
xlive/texmf-dist/fonts/type1/public/amsfonts/cm/cmsy8.pfb></usr/share/texlive/t
exmf-dist/fonts/type1/public/amsfonts/cm/cmti10.pfb></usr/share/texlive/texmf-d
ist/fonts/type1/public/amsfonts/cm/cmti8.pfb></usr/share/texlive/texmf-dist/fon
ts/type1/public/amsfonts/cm/cmtt10.pfb>
Output written on Bath_mahe_001.pdf (60 pages, 4341920 bytes).
PDF statistics:
 3304 PDF objects out of 3580 (max. 8388607)
 1654 compressed objects within 17 object streams
 154 named destinations out of 1000 (max. 500000)
 543 words of extra memory for PDF output out of 10000 (max. 10000000)

